2024-12-02 09:28:17.408 +01:00 [WRN] The ASP.NET Core developer certificate is not trusted. For information about trusting the ASP.NET Core developer certificate, see https://aka.ms/aspnet/https-trust-dev-cert.
2024-12-02 09:28:17.440 +01:00 [INF] Now listening on: https://localhost:7068
2024-12-02 09:28:17.441 +01:00 [INF] Now listening on: http://localhost:5029
2024-12-02 09:28:17.445 +01:00 [INF] Application started. Press Ctrl+C to shut down.
2024-12-02 09:28:17.446 +01:00 [INF] Hosting environment: Development
2024-12-02 09:28:17.447 +01:00 [INF] Content root path: C:\Users\dorde\Documents\Gamle filer\OsloMet - Informasjonsteknologi\ITPE3200_WebApplikasjoner\Nutri_REACT_2\api
2024-12-02 09:28:20.111 +01:00 [INF] Request starting HTTP/1.1 GET http://localhost:5029/ - null null
2024-12-02 09:28:20.140 +01:00 [INF] Request finished HTTP/1.1 GET http://localhost:5029/ - 404 0 null 30.0539ms
2024-12-02 09:28:20.142 +01:00 [INF] Request reached the end of the middleware pipeline without being handled by application code. Request path: GET http://localhost:5029/, Response status code: 404
2024-12-02 09:28:27.800 +01:00 [INF] Request starting HTTP/1.1 GET http://localhost:5029/swagger/index.html - null null
2024-12-02 09:28:27.850 +01:00 [INF] Request finished HTTP/1.1 GET http://localhost:5029/swagger/index.html - 200 null text/html;charset=utf-8 50.4506ms
2024-12-02 09:28:27.866 +01:00 [INF] Request starting HTTP/1.1 GET http://localhost:5029/swagger/swagger-ui.css - null null
2024-12-02 09:28:27.868 +01:00 [INF] Request starting HTTP/1.1 GET http://localhost:5029/swagger/swagger-ui-standalone-preset.js - null null
2024-12-02 09:28:27.893 +01:00 [INF] Request starting HTTP/1.1 GET http://localhost:5029/swagger/swagger-ui-bundle.js - null null
2024-12-02 09:28:27.950 +01:00 [INF] Sending file. Request path: '/swagger-ui.css'. Physical path: 'N/A'
2024-12-02 09:28:27.950 +01:00 [INF] Sending file. Request path: '/swagger-ui-bundle.js'. Physical path: 'N/A'
2024-12-02 09:28:27.950 +01:00 [INF] Sending file. Request path: '/swagger-ui-standalone-preset.js'. Physical path: 'N/A'
2024-12-02 09:28:27.951 +01:00 [INF] Request finished HTTP/1.1 GET http://localhost:5029/swagger/swagger-ui-standalone-preset.js - 200 339486 text/javascript 82.3486ms
2024-12-02 09:28:27.951 +01:00 [INF] Request finished HTTP/1.1 GET http://localhost:5029/swagger/swagger-ui-bundle.js - 200 1096145 text/javascript 82.9351ms
2024-12-02 09:28:27.951 +01:00 [INF] Request finished HTTP/1.1 GET http://localhost:5029/swagger/swagger-ui.css - 200 143943 text/css 84.3695ms
2024-12-02 09:28:28.077 +01:00 [INF] Request starting HTTP/1.1 GET http://localhost:5029/swagger/v1/swagger.json - null null
2024-12-02 09:28:28.113 +01:00 [INF] Request finished HTTP/1.1 GET http://localhost:5029/swagger/v1/swagger.json - 200 null application/json;charset=utf-8 35.9777ms
2024-12-02 09:28:28.177 +01:00 [INF] Request starting HTTP/1.1 GET http://localhost:5029/swagger/favicon-32x32.png - null null
2024-12-02 09:28:28.178 +01:00 [INF] Sending file. Request path: '/favicon-32x32.png'. Physical path: 'N/A'
2024-12-02 09:28:28.178 +01:00 [INF] Request finished HTTP/1.1 GET http://localhost:5029/swagger/favicon-32x32.png - 200 628 image/png 0.705ms
