2024-12-02 08:54:28.791 +01:00 [WRN] The ASP.NET Core developer certificate is not trusted. For information about trusting the ASP.NET Core developer certificate, see https://aka.ms/aspnet/https-trust-dev-cert.
2024-12-02 08:54:28.824 +01:00 [INF] Now listening on: https://localhost:7068
2024-12-02 08:54:28.828 +01:00 [INF] Now listening on: http://localhost:5029
2024-12-02 08:54:28.832 +01:00 [INF] Application started. Press Ctrl+C to shut down.
2024-12-02 08:54:28.833 +01:00 [INF] Hosting environment: Development
2024-12-02 08:54:28.834 +01:00 [INF] Content root path: C:\Users\dorde\Documents\Gamle filer\OsloMet - Informasjonsteknologi\ITPE3200_WebApplikasjoner\Nutri_REACT_2\api
2024-12-02 08:54:31.515 +01:00 [INF] Request starting HTTP/2 GET https://localhost:7068/ - null null
2024-12-02 08:54:31.543 +01:00 [INF] Request finished HTTP/2 GET https://localhost:7068/ - 404 0 null 30.3538ms
2024-12-02 08:54:31.551 +01:00 [INF] Request reached the end of the middleware pipeline without being handled by application code. Request path: GET https://localhost:7068/, Response status code: 404
2024-12-02 08:55:03.569 +01:00 [INF] Request starting HTTP/2 GET https://localhost:7068/swagger/index.html - null null
2024-12-02 08:55:03.649 +01:00 [INF] Request finished HTTP/2 GET https://localhost:7068/swagger/index.html - 200 null text/html;charset=utf-8 80.2251ms
2024-12-02 08:55:03.665 +01:00 [INF] Request starting HTTP/2 GET https://localhost:7068/swagger/swagger-ui.css - null null
2024-12-02 08:55:03.665 +01:00 [INF] Request starting HTTP/2 GET https://localhost:7068/swagger/swagger-ui-bundle.js - null null
2024-12-02 08:55:03.665 +01:00 [INF] Request starting HTTP/2 GET https://localhost:7068/swagger/swagger-ui-standalone-preset.js - null null
2024-12-02 08:55:03.696 +01:00 [INF] Sending file. Request path: '/swagger-ui.css'. Physical path: 'N/A'
2024-12-02 08:55:03.696 +01:00 [INF] Sending file. Request path: '/swagger-ui-bundle.js'. Physical path: 'N/A'
2024-12-02 08:55:03.696 +01:00 [INF] Sending file. Request path: '/swagger-ui-standalone-preset.js'. Physical path: 'N/A'
2024-12-02 08:55:03.697 +01:00 [INF] Request finished HTTP/2 GET https://localhost:7068/swagger/swagger-ui.css - 200 143943 text/css 31.6225ms
2024-12-02 08:55:03.697 +01:00 [INF] Request finished HTTP/2 GET https://localhost:7068/swagger/swagger-ui-standalone-preset.js - 200 339486 text/javascript 31.3835ms
2024-12-02 08:55:03.697 +01:00 [INF] Request finished HTTP/2 GET https://localhost:7068/swagger/swagger-ui-bundle.js - 200 1096145 text/javascript 31.4633ms
2024-12-02 08:55:03.829 +01:00 [INF] Request starting HTTP/2 GET https://localhost:7068/swagger/v1/swagger.json - null null
2024-12-02 08:55:03.843 +01:00 [INF] Request finished HTTP/2 GET https://localhost:7068/swagger/v1/swagger.json - 200 null application/json;charset=utf-8 13.8262ms
2024-12-02 08:55:03.919 +01:00 [INF] Request starting HTTP/2 GET https://localhost:7068/swagger/favicon-32x32.png - null null
2024-12-02 08:55:03.919 +01:00 [INF] Sending file. Request path: '/favicon-32x32.png'. Physical path: 'N/A'
2024-12-02 08:55:03.919 +01:00 [INF] Request finished HTTP/2 GET https://localhost:7068/swagger/favicon-32x32.png - 200 628 image/png 0.5286ms
