2024-12-02 09:38:41.982 +01:00 [WRN] The ASP.NET Core developer certificate is not trusted. For information about trusting the ASP.NET Core developer certificate, see https://aka.ms/aspnet/https-trust-dev-cert.
2024-12-02 09:38:42.015 +01:00 [INF] Now listening on: https://localhost:7068
2024-12-02 09:38:42.017 +01:00 [INF] Now listening on: http://localhost:5029
2024-12-02 09:38:42.021 +01:00 [INF] Application started. Press Ctrl+C to shut down.
2024-12-02 09:38:42.023 +01:00 [INF] Hosting environment: Development
2024-12-02 09:38:42.024 +01:00 [INF] Content root path: C:\Users\dorde\Documents\Gamle filer\OsloMet - Informasjonsteknologi\ITPE3200_WebApplikasjoner\Nutri_REACT_2\api
2024-12-02 09:38:45.021 +01:00 [INF] Request starting HTTP/1.1 GET http://localhost:5029/ - null null
2024-12-02 09:38:45.049 +01:00 [INF] Request finished HTTP/1.1 GET http://localhost:5029/ - 404 0 null 28.9386ms
2024-12-02 09:38:45.052 +01:00 [INF] Request reached the end of the middleware pipeline without being handled by application code. Request path: GET http://localhost:5029/, Response status code: 404
2024-12-02 09:38:48.167 +01:00 [INF] Request starting HTTP/1.1 GET http://localhost:5029/swagger/index.html - null null
2024-12-02 09:38:48.215 +01:00 [INF] Request finished HTTP/1.1 GET http://localhost:5029/swagger/index.html - 200 null text/html;charset=utf-8 47.9435ms
2024-12-02 09:38:48.402 +01:00 [INF] Request starting HTTP/1.1 GET http://localhost:5029/swagger/v1/swagger.json - null null
2024-12-02 09:38:48.441 +01:00 [INF] Request finished HTTP/1.1 GET http://localhost:5029/swagger/v1/swagger.json - 200 null application/json;charset=utf-8 39.0201ms
2024-12-02 09:38:52.489 +01:00 [INF] Request starting HTTP/1.1 GET http://localhost:5029/api/NutritionAPI/nutritionEntries - null null
2024-12-02 09:38:52.492 +01:00 [INF] Executing endpoint 'NutritionAPIController.NutritionEntries (api)'
2024-12-02 09:38:52.504 +01:00 [INF] Route matched with {action = "NutritionEntries", controller = "NutritionAPI"}. Executing controller action with signature System.Threading.Tasks.Task`1[Microsoft.AspNetCore.Mvc.IActionResult] NutritionEntries() on controller NutritionAPIController (api).
2024-12-02 09:38:52.602 +01:00 [INF] Executing OkObjectResult, writing value of type 'System.Linq.Enumerable+SelectListIterator`2[[Exam.Models.NutritionEntry, api, Version=1.0.0.0, Culture=neutral, PublicKeyToken=null],[Exam.DTOs.NutritionDto, api, Version=1.0.0.0, Culture=neutral, PublicKeyToken=null]]'.
2024-12-02 09:38:52.617 +01:00 [INF] Executed action NutritionAPIController.NutritionEntries (api) in 110.5865ms
2024-12-02 09:38:52.617 +01:00 [INF] Executed endpoint 'NutritionAPIController.NutritionEntries (api)'
2024-12-02 09:38:52.619 +01:00 [INF] Request finished HTTP/1.1 GET http://localhost:5029/api/NutritionAPI/nutritionEntries - 200 null application/json; charset=utf-8 130.2271ms
