2024-12-02 09:59:15.229 +01:00 [WRN] The ASP.NET Core developer certificate is not trusted. For information about trusting the ASP.NET Core developer certificate, see https://aka.ms/aspnet/https-trust-dev-cert.
2024-12-02 09:59:15.257 +01:00 [INF] Now listening on: https://localhost:7068
2024-12-02 09:59:15.259 +01:00 [INF] Now listening on: http://localhost:5029
2024-12-02 09:59:15.262 +01:00 [INF] Application started. Press Ctrl+C to shut down.
2024-12-02 09:59:15.264 +01:00 [INF] Hosting environment: Development
2024-12-02 09:59:15.265 +01:00 [INF] Content root path: C:\Users\dorde\Documents\Gamle filer\OsloMet - Informasjonsteknologi\ITPE3200_WebApplikasjoner\Nutri_REACT_2\api
2024-12-02 10:03:07.044 +01:00 [INF] Request starting HTTP/1.1 GET http://localhost:5029/api/NutritionAPI/Entries - null null
2024-12-02 10:03:07.066 +01:00 [INF] CORS policy execution successful.
2024-12-02 10:03:07.067 +01:00 [INF] Executing endpoint 'NutritionAPIController.Entries (api)'
2024-12-02 10:03:07.078 +01:00 [INF] Route matched with {action = "Entries", controller = "NutritionAPI"}. Executing controller action with signature System.Threading.Tasks.Task`1[Microsoft.AspNetCore.Mvc.IActionResult] Entries() on controller NutritionAPIController (api).
2024-12-02 10:03:07.156 +01:00 [INF] Executing OkObjectResult, writing value of type 'System.Linq.Enumerable+SelectListIterator`2[[Exam.Models.NutritionEntry, api, Version=1.0.0.0, Culture=neutral, PublicKeyToken=null],[Exam.DTOs.NutritionDto, api, Version=1.0.0.0, Culture=neutral, PublicKeyToken=null]]'.
2024-12-02 10:03:07.193 +01:00 [INF] Request starting HTTP/1.1 GET http://localhost:5029/api/NutritionAPI/Entries - null null
2024-12-02 10:03:07.194 +01:00 [INF] Executed action NutritionAPIController.Entries (api) in 111.1607ms
2024-12-02 10:03:07.195 +01:00 [INF] Executed endpoint 'NutritionAPIController.Entries (api)'
2024-12-02 10:03:07.195 +01:00 [INF] CORS policy execution successful.
2024-12-02 10:03:07.195 +01:00 [INF] Executing endpoint 'NutritionAPIController.Entries (api)'
2024-12-02 10:03:07.195 +01:00 [INF] Route matched with {action = "Entries", controller = "NutritionAPI"}. Executing controller action with signature System.Threading.Tasks.Task`1[Microsoft.AspNetCore.Mvc.IActionResult] Entries() on controller NutritionAPIController (api).
2024-12-02 10:03:07.199 +01:00 [INF] Request finished HTTP/1.1 GET http://localhost:5029/api/NutritionAPI/Entries - 200 null application/json; charset=utf-8 154.769ms
2024-12-02 10:03:07.201 +01:00 [INF] Executing OkObjectResult, writing value of type 'System.Linq.Enumerable+SelectListIterator`2[[Exam.Models.NutritionEntry, api, Version=1.0.0.0, Culture=neutral, PublicKeyToken=null],[Exam.DTOs.NutritionDto, api, Version=1.0.0.0, Culture=neutral, PublicKeyToken=null]]'.
2024-12-02 10:03:07.202 +01:00 [INF] Executed action NutritionAPIController.Entries (api) in 6.282ms
2024-12-02 10:03:07.202 +01:00 [INF] Executed endpoint 'NutritionAPIController.Entries (api)'
2024-12-02 10:03:07.202 +01:00 [INF] Request finished HTTP/1.1 GET http://localhost:5029/api/NutritionAPI/Entries - 200 null application/json; charset=utf-8 8.8574ms
