2024-12-02 09:05:01.824 +01:00 [WRN] The ASP.NET Core developer certificate is not trusted. For information about trusting the ASP.NET Core developer certificate, see https://aka.ms/aspnet/https-trust-dev-cert.
2024-12-02 09:05:01.854 +01:00 [INF] Now listening on: https://localhost:7068
2024-12-02 09:05:01.855 +01:00 [INF] Now listening on: http://localhost:5029
2024-12-02 09:05:01.859 +01:00 [INF] Application started. Press Ctrl+C to shut down.
2024-12-02 09:05:01.860 +01:00 [INF] Hosting environment: Development
2024-12-02 09:05:01.861 +01:00 [INF] Content root path: C:\Users\dorde\Documents\Gamle filer\OsloMet - Informasjonsteknologi\ITPE3200_WebApplikasjoner\Nutri_REACT_2\api
2024-12-02 09:05:08.849 +01:00 [INF] Request starting HTTP/2 GET https://localhost:7068/ - null null
2024-12-02 09:05:08.873 +01:00 [INF] Request finished HTTP/2 GET https://localhost:7068/ - 404 0 null 24.7133ms
2024-12-02 09:05:08.878 +01:00 [INF] Request reached the end of the middleware pipeline without being handled by application code. Request path: GET https://localhost:7068/, Response status code: 404
2024-12-02 09:05:11.757 +01:00 [INF] Request starting HTTP/2 GET https://localhost:7068/swagger/index.html - null null
2024-12-02 09:05:11.813 +01:00 [INF] Request finished HTTP/2 GET https://localhost:7068/swagger/index.html - 200 null text/html;charset=utf-8 56.068ms
2024-12-02 09:05:11.830 +01:00 [INF] Request starting HTTP/2 GET https://localhost:7068/swagger/swagger-ui.css - null null
2024-12-02 09:05:11.830 +01:00 [INF] Request starting HTTP/2 GET https://localhost:7068/swagger/swagger-ui-bundle.js - null null
2024-12-02 09:05:11.830 +01:00 [INF] Request starting HTTP/2 GET https://localhost:7068/swagger/swagger-ui-standalone-preset.js - null null
2024-12-02 09:05:11.886 +01:00 [INF] Sending file. Request path: '/swagger-ui-standalone-preset.js'. Physical path: 'N/A'
2024-12-02 09:05:11.886 +01:00 [INF] Sending file. Request path: '/swagger-ui.css'. Physical path: 'N/A'
2024-12-02 09:05:11.886 +01:00 [INF] Sending file. Request path: '/swagger-ui-bundle.js'. Physical path: 'N/A'
2024-12-02 09:05:11.887 +01:00 [INF] Request finished HTTP/2 GET https://localhost:7068/swagger/swagger-ui-standalone-preset.js - 200 339486 text/javascript 56.2131ms
2024-12-02 09:05:11.887 +01:00 [INF] Request finished HTTP/2 GET https://localhost:7068/swagger/swagger-ui.css - 200 143943 text/css 56.544ms
2024-12-02 09:05:11.887 +01:00 [INF] Request finished HTTP/2 GET https://localhost:7068/swagger/swagger-ui-bundle.js - 200 1096145 text/javascript 56.2601ms
2024-12-02 09:05:12.026 +01:00 [INF] Request starting HTTP/2 GET https://localhost:7068/swagger/v1/swagger.json - null null
2024-12-02 09:05:12.056 +01:00 [INF] Request finished HTTP/2 GET https://localhost:7068/swagger/v1/swagger.json - 200 null application/json;charset=utf-8 29.8732ms
2024-12-02 09:05:19.691 +01:00 [INF] Request starting HTTP/2 GET https://localhost:7068/api/NutritionAPI/nutritionEntries - null null
2024-12-02 09:05:19.697 +01:00 [INF] Executing endpoint 'NutritionAPIController.NutritionEntries (api)'
2024-12-02 09:05:19.709 +01:00 [INF] Route matched with {action = "NutritionEntries", controller = "NutritionAPI"}. Executing controller action with signature System.Threading.Tasks.Task`1[Microsoft.AspNetCore.Mvc.IActionResult] NutritionEntries() on controller NutritionAPIController (api).
2024-12-02 09:05:19.789 +01:00 [INF] Executing OkObjectResult, writing value of type 'System.Collections.Generic.List`1[[Exam.Models.NutritionEntry, api, Version=1.0.0.0, Culture=neutral, PublicKeyToken=null]]'.
2024-12-02 09:05:19.799 +01:00 [INF] Executed action NutritionAPIController.NutritionEntries (api) in 87.3615ms
2024-12-02 09:05:19.799 +01:00 [INF] Executed endpoint 'NutritionAPIController.NutritionEntries (api)'
2024-12-02 09:05:19.801 +01:00 [INF] Request finished HTTP/2 GET https://localhost:7068/api/NutritionAPI/nutritionEntries - 200 null application/json; charset=utf-8 109.1911ms
